<?xml version="1.0" encoding="UTF-8"?>
<!-- Generated by org.testng.reporters.JUnitXMLReporter -->
<testsuite hostname="RobertC-Lap" ignored="0" name="Test" tests="4" failures="1" timestamp="2021-02-24T16:05:38 EET" time="72.826" errors="0">
  <testcase name="addWifiSettingPreference" time="1.406" classname="AppiumStructure.MavenJava.BasicTests"/>
  <testcase name="addWifiSettingPreference0" time="1.26" classname="AppiumStructure.MavenJava.BasicTests">
    <failure type="java.lang.AssertionError" message="expected [true] but found [false]">
      <![CDATA[java.lang.AssertionError: expected [true] but found [false]
at AppiumStructure.MavenJava.BasicTests.addWifiSettingPreference0(BasicTests.java:25)
at java.util.ArrayList.forEach(ArrayList.java:1257)
... Removed 31 stack frames]]>
    </failure>
  </testcase> <!-- addWifiSettingPreference0 -->
  <testcase name="addWifiSettingPreference1" time="1.31" classname="AppiumStructure.MavenJava.BasicTests"/>
  <testcase name="addWifiSettingPreference2" time="1.383" classname="AppiumStructure.MavenJava.BasicTests"/>
</testsuite> <!-- Test -->
